18/04/11 10:33:10 INFO SparkContext: Running Spark version 2.1.0
18/04/11 10:33:11 WARN NativeCodeLoader: Unable to load native-hadoop library for your platform... using builtin-java classes where applicable
18/04/11 10:33:11 INFO SecurityManager: Changing view acls to: caitlynralph
18/04/11 10:33:11 INFO SecurityManager: Changing modify acls to: caitlynralph
18/04/11 10:33:11 INFO SecurityManager: Changing view acls groups to: 
18/04/11 10:33:11 INFO SecurityManager: Changing modify acls groups to: 
18/04/11 10:33:11 INFO SecurityManager: SecurityManager: authentication disabled; ui acls disabled; users  with view permissions: Set(caitlynralph); groups with view permissions: Set(); users  with modify permissions: Set(caitlynralph); groups with modify permissions: Set()
18/04/11 10:33:11 INFO Utils: Successfully started service 'sparkDriver' on port 50220.
18/04/11 10:33:12 INFO SparkEnv: Registering MapOutputTracker
18/04/11 10:33:12 INFO SparkEnv: Registering BlockManagerMaster
18/04/11 10:33:12 INFO BlockManagerMasterEndpoint: Using org.apache.spark.storage.DefaultTopologyMapper for getting topology information
18/04/11 10:33:12 INFO BlockManagerMasterEndpoint: BlockManagerMasterEndpoint up
18/04/11 10:33:12 INFO DiskBlockManager: Created local directory at /private/var/folders/6k/h_nq8c9j7wqgl2f6x6n680r00000gn/T/blockmgr-55e7fd27-3d1e-470c-ae66-d47c827d7dfa
18/04/11 10:33:12 INFO MemoryStore: MemoryStore started with capacity 366.3 MB
18/04/11 10:33:12 INFO SparkEnv: Registering OutputCommitCoordinator
18/04/11 10:33:12 INFO Utils: Successfully started service 'SparkUI' on port 4040.
18/04/11 10:33:12 INFO SparkUI: Bound SparkUI to 127.0.0.1, and started at http://127.0.0.1:4040
18/04/11 10:33:12 INFO SparkContext: Added JAR file:/Library/Frameworks/R.framework/Versions/3.4/Resources/library/sparklyr/java/sparklyr-2.1-2.11.jar at spark://127.0.0.1:50220/jars/sparklyr-2.1-2.11.jar with timestamp 1523457192769
18/04/11 10:33:12 INFO Executor: Starting executor ID driver on host localhost
18/04/11 10:33:12 INFO Utils: Successfully started service 'org.apache.spark.network.netty.NettyBlockTransferService' on port 50221.
18/04/11 10:33:12 INFO NettyBlockTransferService: Server created on 127.0.0.1:50221
18/04/11 10:33:12 INFO BlockManager: Using org.apache.spark.storage.RandomBlockReplicationPolicy for block replication policy
18/04/11 10:33:12 INFO BlockManagerMaster: Registering BlockManager BlockManagerId(driver, 127.0.0.1, 50221, None)
18/04/11 10:33:12 INFO BlockManagerMasterEndpoint: Registering block manager 127.0.0.1:50221 with 366.3 MB RAM, BlockManagerId(driver, 127.0.0.1, 50221, None)
18/04/11 10:33:12 INFO BlockManagerMaster: Registered BlockManager BlockManagerId(driver, 127.0.0.1, 50221, None)
18/04/11 10:33:12 INFO BlockManager: Initialized BlockManager: BlockManagerId(driver, 127.0.0.1, 50221, None)
18/04/11 10:33:14 WARN SparkContext: Using an existing SparkContext; some configuration may not take effect.
18/04/11 10:33:14 INFO SharedState: Warehouse path is 'file:/Users/caitlynralph/Downloads/caitlyn_rmachinelearning/spark-warehouse'.
18/04/11 10:33:14 INFO HiveUtils: Initializing HiveMetastoreConnection version 1.2.1 using Spark classes.
18/04/11 10:33:15 INFO HiveMetaStore: 0: Opening raw store with implemenation class:org.apache.hadoop.hive.metastore.ObjectStore
18/04/11 10:33:15 INFO ObjectStore: ObjectStore, initialize called
18/04/11 10:33:15 INFO Persistence: Property hive.metastore.integral.jdo.pushdown unknown - will be ignored
18/04/11 10:33:15 INFO Persistence: Property datanucleus.cache.level2 unknown - will be ignored
18/04/11 10:33:18 INFO ObjectStore: Setting MetaStore object pin classes with hive.metastore.cache.pinobjtypes="Table,StorageDescriptor,SerDeInfo,Partition,Database,Type,FieldSchema,Order"
18/04/11 10:33:20 INFO Datastore: The class "org.apache.hadoop.hive.metastore.model.MFieldSchema" is tagged as "embedded-only" so does not have its own datastore table.
18/04/11 10:33:20 INFO Datastore: The class "org.apache.hadoop.hive.metastore.model.MOrder" is tagged as "embedded-only" so does not have its own datastore table.
18/04/11 10:33:21 INFO Datastore: The class "org.apache.hadoop.hive.metastore.model.MFieldSchema" is tagged as "embedded-only" so does not have its own datastore table.
18/04/11 10:33:21 INFO Datastore: The class "org.apache.hadoop.hive.metastore.model.MOrder" is tagged as "embedded-only" so does not have its own datastore table.
18/04/11 10:33:21 INFO MetaStoreDirectSql: Using direct SQL, underlying DB is DERBY
18/04/11 10:33:21 INFO ObjectStore: Initialized ObjectStore
18/04/11 10:33:21 WARN ObjectStore: Version information not found in metastore. hive.metastore.schema.verification is not enabled so recording the schema version 1.2.0
18/04/11 10:33:21 WARN ObjectStore: Failed to get database default, returning NoSuchObjectException
18/04/11 10:33:22 INFO HiveMetaStore: Added admin role in metastore
18/04/11 10:33:22 INFO HiveMetaStore: Added public role in metastore
18/04/11 10:33:22 INFO HiveMetaStore: No user is added in admin role, since config is empty
18/04/11 10:33:23 INFO HiveMetaStore: 0: get_all_databases
18/04/11 10:33:23 INFO audit: ugi=caitlynralph	ip=unknown-ip-addr	cmd=get_all_databases	
18/04/11 10:33:23 INFO HiveMetaStore: 0: get_functions: db=default pat=*
18/04/11 10:33:23 INFO audit: ugi=caitlynralph	ip=unknown-ip-addr	cmd=get_functions: db=default pat=*	
18/04/11 10:33:23 INFO Datastore: The class "org.apache.hadoop.hive.metastore.model.MResourceUri" is tagged as "embedded-only" so does not have its own datastore table.
18/04/11 10:33:23 INFO SessionState: Created HDFS directory: /tmp/hive/caitlynralph
18/04/11 10:33:23 INFO SessionState: Created local directory: /var/folders/6k/h_nq8c9j7wqgl2f6x6n680r00000gn/T/caitlynralph
18/04/11 10:33:23 INFO SessionState: Created local directory: /var/folders/6k/h_nq8c9j7wqgl2f6x6n680r00000gn/T/02c33b69-09d4-4e2c-8641-a4c057cfda07_resources
18/04/11 10:33:23 INFO SessionState: Created HDFS directory: /tmp/hive/caitlynralph/02c33b69-09d4-4e2c-8641-a4c057cfda07
18/04/11 10:33:23 INFO SessionState: Created local directory: /var/folders/6k/h_nq8c9j7wqgl2f6x6n680r00000gn/T/caitlynralph/02c33b69-09d4-4e2c-8641-a4c057cfda07
18/04/11 10:33:23 INFO SessionState: Created HDFS directory: /tmp/hive/caitlynralph/02c33b69-09d4-4e2c-8641-a4c057cfda07/_tmp_space.db
18/04/11 10:33:23 INFO HiveClientImpl: Warehouse location for Hive client (version 1.2.1) is file:/Users/caitlynralph/Downloads/caitlyn_rmachinelearning/spark-warehouse
18/04/11 10:33:23 INFO HiveMetaStore: 0: get_database: default
18/04/11 10:33:23 INFO audit: ugi=caitlynralph	ip=unknown-ip-addr	cmd=get_database: default	
18/04/11 10:33:23 INFO HiveMetaStore: 0: get_database: global_temp
18/04/11 10:33:23 INFO audit: ugi=caitlynralph	ip=unknown-ip-addr	cmd=get_database: global_temp	
18/04/11 10:33:23 WARN ObjectStore: Failed to get database global_temp, returning NoSuchObjectException
18/04/11 10:33:23 INFO SparkSqlParser: Parsing command: SHOW TABLES
18/04/11 10:33:27 INFO HiveMetaStore: 0: get_database: default
18/04/11 10:33:27 INFO audit: ugi=caitlynralph	ip=unknown-ip-addr	cmd=get_database: default	
18/04/11 10:33:27 INFO HiveMetaStore: 0: get_database: default
18/04/11 10:33:27 INFO audit: ugi=caitlynralph	ip=unknown-ip-addr	cmd=get_database: default	
18/04/11 10:33:27 INFO HiveMetaStore: 0: get_tables: db=default pat=*
18/04/11 10:33:27 INFO audit: ugi=caitlynralph	ip=unknown-ip-addr	cmd=get_tables: db=default pat=*	
18/04/11 10:33:28 WARN SparkSession$Builder: Using an existing SparkSession; some configuration may not take effect.
18/04/11 10:33:28 INFO SparkSqlParser: Parsing command: SHOW TABLES
18/04/11 10:33:28 INFO HiveMetaStore: 0: get_database: default
18/04/11 10:33:28 INFO audit: ugi=caitlynralph	ip=unknown-ip-addr	cmd=get_database: default	
18/04/11 10:33:28 INFO HiveMetaStore: 0: get_database: default
18/04/11 10:33:28 INFO audit: ugi=caitlynralph	ip=unknown-ip-addr	cmd=get_database: default	
18/04/11 10:33:28 INFO HiveMetaStore: 0: get_tables: db=default pat=*
18/04/11 10:33:28 INFO audit: ugi=caitlynralph	ip=unknown-ip-addr	cmd=get_tables: db=default pat=*	
18/04/11 10:34:06 WARN SparkSession$Builder: Using an existing SparkSession; some configuration may not take effect.
18/04/11 10:34:06 INFO SparkSqlParser: Parsing command: SHOW TABLES
18/04/11 10:34:06 INFO HiveMetaStore: 0: get_database: default
18/04/11 10:34:06 INFO audit: ugi=caitlynralph	ip=unknown-ip-addr	cmd=get_database: default	
18/04/11 10:34:06 INFO HiveMetaStore: 0: get_database: default
18/04/11 10:34:06 INFO audit: ugi=caitlynralph	ip=unknown-ip-addr	cmd=get_database: default	
18/04/11 10:34:06 INFO HiveMetaStore: 0: get_tables: db=default pat=*
18/04/11 10:34:06 INFO audit: ugi=caitlynralph	ip=unknown-ip-addr	cmd=get_tables: db=default pat=*	
18/04/11 10:34:07 INFO CodeGenerator: Code generated in 525.072645 ms
18/04/11 10:34:07 INFO SparkContext: Starting job: collect at utils.scala:43
18/04/11 10:34:07 INFO DAGScheduler: Got job 0 (collect at utils.scala:43) with 1 output partitions
18/04/11 10:34:07 INFO DAGScheduler: Final stage: ResultStage 0 (collect at utils.scala:43)
18/04/11 10:34:07 INFO DAGScheduler: Parents of final stage: List()
18/04/11 10:34:07 INFO DAGScheduler: Missing parents: List()
18/04/11 10:34:07 INFO DAGScheduler: Submitting ResultStage 0 (MapPartitionsRDD[7] at map at utils.scala:40), which has no missing parents
18/04/11 10:34:07 INFO MemoryStore: Block broadcast_0 stored as values in memory (estimated size 8.7 KB, free 366.3 MB)
18/04/11 10:34:07 INFO MemoryStore: Block broadcast_0_piece0 stored as bytes in memory (estimated size 4.6 KB, free 366.3 MB)
18/04/11 10:34:07 INFO BlockManagerInfo: Added broadcast_0_piece0 in memory on 127.0.0.1:50221 (size: 4.6 KB, free: 366.3 MB)
18/04/11 10:34:07 INFO SparkContext: Created broadcast 0 from broadcast at DAGScheduler.scala:996
18/04/11 10:34:07 INFO DAGScheduler: Submitting 1 missing tasks from ResultStage 0 (MapPartitionsRDD[7] at map at utils.scala:40)
18/04/11 10:34:07 INFO TaskSchedulerImpl: Adding task set 0.0 with 1 tasks
18/04/11 10:34:07 INFO TaskSetManager: Starting task 0.0 in stage 0.0 (TID 0, localhost, executor driver, partition 0, PROCESS_LOCAL, 6042 bytes)
18/04/11 10:34:07 INFO Executor: Running task 0.0 in stage 0.0 (TID 0)
18/04/11 10:34:07 INFO Executor: Fetching spark://127.0.0.1:50220/jars/sparklyr-2.1-2.11.jar with timestamp 1523457192769
18/04/11 10:34:07 INFO TransportClientFactory: Successfully created connection to /127.0.0.1:50220 after 24 ms (0 ms spent in bootstraps)
18/04/11 10:34:07 INFO Utils: Fetching spark://127.0.0.1:50220/jars/sparklyr-2.1-2.11.jar to /private/var/folders/6k/h_nq8c9j7wqgl2f6x6n680r00000gn/T/spark-988b3082-e1f1-4725-beb1-30904eac1430/userFiles-fb10432f-d34a-4586-b904-34f7ff2226c0/fetchFileTemp4139483081730524294.tmp
18/04/11 10:34:07 INFO Executor: Adding file:/private/var/folders/6k/h_nq8c9j7wqgl2f6x6n680r00000gn/T/spark-988b3082-e1f1-4725-beb1-30904eac1430/userFiles-fb10432f-d34a-4586-b904-34f7ff2226c0/sparklyr-2.1-2.11.jar to class loader
18/04/11 10:34:07 INFO CodeGenerator: Code generated in 34.863883 ms
18/04/11 10:34:08 INFO CodeGenerator: Code generated in 28.251823 ms
18/04/11 10:34:08 INFO Executor: Finished task 0.0 in stage 0.0 (TID 0). 1231 bytes result sent to driver
18/04/11 10:34:08 INFO TaskSetManager: Finished task 0.0 in stage 0.0 (TID 0) in 447 ms on localhost (executor driver) (1/1)
18/04/11 10:34:08 INFO TaskSchedulerImpl: Removed TaskSet 0.0, whose tasks have all completed, from pool 
18/04/11 10:34:08 INFO DAGScheduler: ResultStage 0 (collect at utils.scala:43) finished in 0.483 s
18/04/11 10:34:08 INFO DAGScheduler: Job 0 finished: collect at utils.scala:43, took 0.774845 s
18/04/11 10:34:08 WARN SparkSession$Builder: Using an existing SparkSession; some configuration may not take effect.
18/04/11 10:34:08 INFO SparkSqlParser: Parsing command: iris
18/04/11 10:34:08 WARN SparkSession$Builder: Using an existing SparkSession; some configuration may not take effect.
18/04/11 10:34:08 INFO SparkSqlParser: Parsing command: CACHE TABLE `iris`
18/04/11 10:34:08 INFO SparkSqlParser: Parsing command: `iris`
18/04/11 10:34:08 INFO ContextCleaner: Cleaned accumulator 0
18/04/11 10:34:08 INFO ContextCleaner: Cleaned accumulator 1
18/04/11 10:34:08 INFO BlockManagerInfo: Removed broadcast_0_piece0 on 127.0.0.1:50221 in memory (size: 4.6 KB, free: 366.3 MB)
18/04/11 10:34:09 INFO CodeGenerator: Code generated in 19.984925 ms
18/04/11 10:34:09 INFO CodeGenerator: Code generated in 16.042697 ms
18/04/11 10:34:09 INFO SparkContext: Starting job: sql at NativeMethodAccessorImpl.java:0
18/04/11 10:34:09 INFO DAGScheduler: Registering RDD 16 (sql at NativeMethodAccessorImpl.java:0)
18/04/11 10:34:09 INFO DAGScheduler: Got job 1 (sql at NativeMethodAccessorImpl.java:0) with 1 output partitions
18/04/11 10:34:09 INFO DAGScheduler: Final stage: ResultStage 2 (sql at NativeMethodAccessorImpl.java:0)
18/04/11 10:34:09 INFO DAGScheduler: Parents of final stage: List(ShuffleMapStage 1)
18/04/11 10:34:09 INFO DAGScheduler: Missing parents: List(ShuffleMapStage 1)
18/04/11 10:34:09 INFO DAGScheduler: Submitting ShuffleMapStage 1 (MapPartitionsRDD[16] at sql at NativeMethodAccessorImpl.java:0), which has no missing parents
18/04/11 10:34:09 INFO MemoryStore: Block broadcast_1 stored as values in memory (estimated size 18.3 KB, free 366.3 MB)
18/04/11 10:34:09 INFO MemoryStore: Block broadcast_1_piece0 stored as bytes in memory (estimated size 8.5 KB, free 366.3 MB)
18/04/11 10:34:09 INFO BlockManagerInfo: Added broadcast_1_piece0 in memory on 127.0.0.1:50221 (size: 8.5 KB, free: 366.3 MB)
18/04/11 10:34:09 INFO SparkContext: Created broadcast 1 from broadcast at DAGScheduler.scala:996
18/04/11 10:34:09 INFO DAGScheduler: Submitting 1 missing tasks from ShuffleMapStage 1 (MapPartitionsRDD[16] at sql at NativeMethodAccessorImpl.java:0)
18/04/11 10:34:09 INFO TaskSchedulerImpl: Adding task set 1.0 with 1 tasks
18/04/11 10:34:09 INFO TaskSetManager: Starting task 0.0 in stage 1.0 (TID 1, localhost, executor driver, partition 0, PROCESS_LOCAL, 10001 bytes)
18/04/11 10:34:09 INFO Executor: Running task 0.0 in stage 1.0 (TID 1)
18/04/11 10:34:09 INFO CodeGenerator: Code generated in 20.591364 ms
18/04/11 10:34:09 INFO CodeGenerator: Code generated in 60.358586 ms
18/04/11 10:34:09 INFO MemoryStore: Block rdd_13_0 stored as values in memory (estimated size 5.6 KB, free 366.3 MB)
18/04/11 10:34:09 INFO BlockManagerInfo: Added rdd_13_0 in memory on 127.0.0.1:50221 (size: 5.6 KB, free: 366.3 MB)
18/04/11 10:34:09 INFO CodeGenerator: Code generated in 6.235703 ms
18/04/11 10:34:09 INFO CodeGenerator: Code generated in 23.794935 ms
18/04/11 10:34:09 INFO Executor: Finished task 0.0 in stage 1.0 (TID 1). 2747 bytes result sent to driver
18/04/11 10:34:09 INFO TaskSetManager: Finished task 0.0 in stage 1.0 (TID 1) in 338 ms on localhost (executor driver) (1/1)
18/04/11 10:34:09 INFO TaskSchedulerImpl: Removed TaskSet 1.0, whose tasks have all completed, from pool 
18/04/11 10:34:09 INFO DAGScheduler: ShuffleMapStage 1 (sql at NativeMethodAccessorImpl.java:0) finished in 0.340 s
18/04/11 10:34:09 INFO DAGScheduler: looking for newly runnable stages
18/04/11 10:34:09 INFO DAGScheduler: running: Set()
18/04/11 10:34:09 INFO DAGScheduler: waiting: Set(ResultStage 2)
18/04/11 10:34:09 INFO DAGScheduler: failed: Set()
18/04/11 10:34:09 INFO DAGScheduler: Submitting ResultStage 2 (MapPartitionsRDD[19] at sql at NativeMethodAccessorImpl.java:0), which has no missing parents
18/04/11 10:34:09 INFO MemoryStore: Block broadcast_2 stored as values in memory (estimated size 7.0 KB, free 366.3 MB)
18/04/11 10:34:09 INFO MemoryStore: Block broadcast_2_piece0 stored as bytes in memory (estimated size 3.7 KB, free 366.3 MB)
18/04/11 10:34:09 INFO BlockManagerInfo: Added broadcast_2_piece0 in memory on 127.0.0.1:50221 (size: 3.7 KB, free: 366.3 MB)
18/04/11 10:34:09 INFO SparkContext: Created broadcast 2 from broadcast at DAGScheduler.scala:996
18/04/11 10:34:09 INFO DAGScheduler: Submitting 1 missing tasks from ResultStage 2 (MapPartitionsRDD[19] at sql at NativeMethodAccessorImpl.java:0)
18/04/11 10:34:09 INFO TaskSchedulerImpl: Adding task set 2.0 with 1 tasks
18/04/11 10:34:09 INFO TaskSetManager: Starting task 0.0 in stage 2.0 (TID 2, localhost, executor driver, partition 0, ANY, 5953 bytes)
18/04/11 10:34:09 INFO Executor: Running task 0.0 in stage 2.0 (TID 2)
18/04/11 10:34:09 INFO ShuffleBlockFetcherIterator: Getting 1 non-empty blocks out of 1 blocks
18/04/11 10:34:09 INFO ShuffleBlockFetcherIterator: Started 0 remote fetches in 6 ms
18/04/11 10:34:09 INFO Executor: Finished task 0.0 in stage 2.0 (TID 2). 2042 bytes result sent to driver
18/04/11 10:34:09 INFO TaskSetManager: Finished task 0.0 in stage 2.0 (TID 2) in 50 ms on localhost (executor driver) (1/1)
18/04/11 10:34:09 INFO TaskSchedulerImpl: Removed TaskSet 2.0, whose tasks have all completed, from pool 
18/04/11 10:34:09 INFO DAGScheduler: ResultStage 2 (sql at NativeMethodAccessorImpl.java:0) finished in 0.051 s
18/04/11 10:34:09 INFO DAGScheduler: Job 1 finished: sql at NativeMethodAccessorImpl.java:0, took 0.467340 s
18/04/11 10:34:09 INFO CodeGenerator: Code generated in 8.084216 ms
18/04/11 10:34:09 WARN SparkSession$Builder: Using an existing SparkSession; some configuration may not take effect.
18/04/11 10:34:09 INFO SparkSqlParser: Parsing command: SELECT count(*) FROM  `iris`
18/04/11 10:34:09 INFO SparkContext: Starting job: collect at utils.scala:196
18/04/11 10:34:09 INFO DAGScheduler: Registering RDD 23 (collect at utils.scala:196)
18/04/11 10:34:09 INFO DAGScheduler: Got job 2 (collect at utils.scala:196) with 1 output partitions
18/04/11 10:34:09 INFO DAGScheduler: Final stage: ResultStage 4 (collect at utils.scala:196)
18/04/11 10:34:09 INFO DAGScheduler: Parents of final stage: List(ShuffleMapStage 3)
18/04/11 10:34:09 INFO DAGScheduler: Missing parents: List(ShuffleMapStage 3)
18/04/11 10:34:09 INFO DAGScheduler: Submitting ShuffleMapStage 3 (MapPartitionsRDD[23] at collect at utils.scala:196), which has no missing parents
18/04/11 10:34:09 INFO MemoryStore: Block broadcast_3 stored as values in memory (estimated size 18.3 KB, free 366.2 MB)
18/04/11 10:34:09 INFO MemoryStore: Block broadcast_3_piece0 stored as bytes in memory (estimated size 8.4 KB, free 366.2 MB)
18/04/11 10:34:09 INFO BlockManagerInfo: Added broadcast_3_piece0 in memory on 127.0.0.1:50221 (size: 8.4 KB, free: 366.3 MB)
18/04/11 10:34:09 INFO SparkContext: Created broadcast 3 from broadcast at DAGScheduler.scala:996
18/04/11 10:34:09 INFO DAGScheduler: Submitting 1 missing tasks from ShuffleMapStage 3 (MapPartitionsRDD[23] at collect at utils.scala:196)
18/04/11 10:34:09 INFO TaskSchedulerImpl: Adding task set 3.0 with 1 tasks
18/04/11 10:34:09 INFO TaskSetManager: Starting task 0.0 in stage 3.0 (TID 3, localhost, executor driver, partition 0, PROCESS_LOCAL, 9993 bytes)
18/04/11 10:34:09 INFO Executor: Running task 0.0 in stage 3.0 (TID 3)
18/04/11 10:34:09 INFO BlockManager: Found block rdd_13_0 locally
18/04/11 10:34:09 INFO Executor: Finished task 0.0 in stage 3.0 (TID 3). 2098 bytes result sent to driver
18/04/11 10:34:09 INFO TaskSetManager: Finished task 0.0 in stage 3.0 (TID 3) in 28 ms on localhost (executor driver) (1/1)
18/04/11 10:34:09 INFO TaskSchedulerImpl: Removed TaskSet 3.0, whose tasks have all completed, from pool 
18/04/11 10:34:09 INFO DAGScheduler: ShuffleMapStage 3 (collect at utils.scala:196) finished in 0.029 s
18/04/11 10:34:09 INFO DAGScheduler: looking for newly runnable stages
18/04/11 10:34:09 INFO DAGScheduler: running: Set()
18/04/11 10:34:09 INFO DAGScheduler: waiting: Set(ResultStage 4)
18/04/11 10:34:09 INFO DAGScheduler: failed: Set()
18/04/11 10:34:09 INFO DAGScheduler: Submitting ResultStage 4 (MapPartitionsRDD[26] at collect at utils.scala:196), which has no missing parents
18/04/11 10:34:09 INFO MemoryStore: Block broadcast_4 stored as values in memory (estimated size 7.0 KB, free 366.2 MB)
18/04/11 10:34:09 INFO MemoryStore: Block broadcast_4_piece0 stored as bytes in memory (estimated size 3.7 KB, free 366.2 MB)
18/04/11 10:34:09 INFO BlockManagerInfo: Added broadcast_4_piece0 in memory on 127.0.0.1:50221 (size: 3.7 KB, free: 366.3 MB)
18/04/11 10:34:09 INFO SparkContext: Created broadcast 4 from broadcast at DAGScheduler.scala:996
18/04/11 10:34:09 INFO DAGScheduler: Submitting 1 missing tasks from ResultStage 4 (MapPartitionsRDD[26] at collect at utils.scala:196)
18/04/11 10:34:09 INFO TaskSchedulerImpl: Adding task set 4.0 with 1 tasks
18/04/11 10:34:09 INFO TaskSetManager: Starting task 0.0 in stage 4.0 (TID 4, localhost, executor driver, partition 0, ANY, 5945 bytes)
18/04/11 10:34:09 INFO Executor: Running task 0.0 in stage 4.0 (TID 4)
18/04/11 10:34:09 INFO ShuffleBlockFetcherIterator: Getting 1 non-empty blocks out of 1 blocks
18/04/11 10:34:09 INFO ShuffleBlockFetcherIterator: Started 0 remote fetches in 0 ms
18/04/11 10:34:09 INFO Executor: Finished task 0.0 in stage 4.0 (TID 4). 2042 bytes result sent to driver
18/04/11 10:34:09 INFO TaskSetManager: Finished task 0.0 in stage 4.0 (TID 4) in 10 ms on localhost (executor driver) (1/1)
18/04/11 10:34:09 INFO TaskSchedulerImpl: Removed TaskSet 4.0, whose tasks have all completed, from pool 
18/04/11 10:34:09 INFO DAGScheduler: ResultStage 4 (collect at utils.scala:196) finished in 0.011 s
18/04/11 10:34:09 INFO DAGScheduler: Job 2 finished: collect at utils.scala:196, took 0.066979 s
18/04/11 10:34:09 WARN SparkSession$Builder: Using an existing SparkSession; some configuration may not take effect.
18/04/11 10:34:09 INFO SparkSqlParser: Parsing command: SELECT *
FROM `iris` AS `zzz1`
WHERE (0 = 1)
18/04/11 10:34:10 WARN SparkSession$Builder: Using an existing SparkSession; some configuration may not take effect.
18/04/11 10:34:10 INFO SparkSqlParser: Parsing command: SHOW TABLES
18/04/11 10:34:10 INFO HiveMetaStore: 0: get_database: default
18/04/11 10:34:10 INFO audit: ugi=caitlynralph	ip=unknown-ip-addr	cmd=get_database: default	
18/04/11 10:34:10 INFO HiveMetaStore: 0: get_database: default
18/04/11 10:34:10 INFO audit: ugi=caitlynralph	ip=unknown-ip-addr	cmd=get_database: default	
18/04/11 10:34:10 INFO HiveMetaStore: 0: get_tables: db=default pat=*
18/04/11 10:34:10 INFO audit: ugi=caitlynralph	ip=unknown-ip-addr	cmd=get_tables: db=default pat=*	
18/04/11 10:34:10 INFO CodeGenerator: Code generated in 13.604727 ms
18/04/11 10:34:28 WARN SparkSession$Builder: Using an existing SparkSession; some configuration may not take effect.
18/04/11 10:34:28 INFO SparkSqlParser: Parsing command: SHOW TABLES
18/04/11 10:34:28 INFO HiveMetaStore: 0: get_database: default
18/04/11 10:34:28 INFO audit: ugi=caitlynralph	ip=unknown-ip-addr	cmd=get_database: default	
18/04/11 10:34:28 INFO HiveMetaStore: 0: get_database: default
18/04/11 10:34:28 INFO audit: ugi=caitlynralph	ip=unknown-ip-addr	cmd=get_database: default	
18/04/11 10:34:28 INFO HiveMetaStore: 0: get_tables: db=default pat=*
18/04/11 10:34:28 INFO audit: ugi=caitlynralph	ip=unknown-ip-addr	cmd=get_tables: db=default pat=*	
18/04/11 10:34:28 INFO SparkContext: Starting job: collect at utils.scala:43
18/04/11 10:34:28 INFO DAGScheduler: Got job 3 (collect at utils.scala:43) with 1 output partitions
18/04/11 10:34:28 INFO DAGScheduler: Final stage: ResultStage 5 (collect at utils.scala:43)
18/04/11 10:34:28 INFO DAGScheduler: Parents of final stage: List()
18/04/11 10:34:28 INFO DAGScheduler: Missing parents: List()
18/04/11 10:34:28 INFO DAGScheduler: Submitting ResultStage 5 (MapPartitionsRDD[33] at map at utils.scala:40), which has no missing parents
18/04/11 10:34:28 INFO MemoryStore: Block broadcast_5 stored as values in memory (estimated size 8.7 KB, free 366.2 MB)
18/04/11 10:34:28 INFO MemoryStore: Block broadcast_5_piece0 stored as bytes in memory (estimated size 4.6 KB, free 366.2 MB)
18/04/11 10:34:28 INFO BlockManagerInfo: Added broadcast_5_piece0 in memory on 127.0.0.1:50221 (size: 4.6 KB, free: 366.3 MB)
18/04/11 10:34:28 INFO SparkContext: Created broadcast 5 from broadcast at DAGScheduler.scala:996
18/04/11 10:34:28 INFO DAGScheduler: Submitting 1 missing tasks from ResultStage 5 (MapPartitionsRDD[33] at map at utils.scala:40)
18/04/11 10:34:28 INFO TaskSchedulerImpl: Adding task set 5.0 with 1 tasks
18/04/11 10:34:28 INFO TaskSetManager: Starting task 0.0 in stage 5.0 (TID 5, localhost, executor driver, partition 0, PROCESS_LOCAL, 6353 bytes)
18/04/11 10:34:28 INFO Executor: Running task 0.0 in stage 5.0 (TID 5)
18/04/11 10:34:28 INFO Executor: Finished task 0.0 in stage 5.0 (TID 5). 1238 bytes result sent to driver
18/04/11 10:34:28 INFO TaskSetManager: Finished task 0.0 in stage 5.0 (TID 5) in 16 ms on localhost (executor driver) (1/1)
18/04/11 10:34:28 INFO TaskSchedulerImpl: Removed TaskSet 5.0, whose tasks have all completed, from pool 
18/04/11 10:34:28 INFO DAGScheduler: ResultStage 5 (collect at utils.scala:43) finished in 0.016 s
18/04/11 10:34:28 INFO DAGScheduler: Job 3 finished: collect at utils.scala:43, took 0.035880 s
18/04/11 10:34:40 INFO ContextCleaner: Cleaned shuffle 0
18/04/11 10:34:40 INFO ContextCleaner: Cleaned accumulator 52
18/04/11 10:34:40 INFO BlockManagerInfo: Removed broadcast_1_piece0 on 127.0.0.1:50221 in memory (size: 8.5 KB, free: 366.3 MB)
18/04/11 10:34:40 INFO BlockManagerInfo: Removed broadcast_2_piece0 on 127.0.0.1:50221 in memory (size: 3.7 KB, free: 366.3 MB)
18/04/11 10:34:40 INFO ContextCleaner: Cleaned accumulator 161
18/04/11 10:34:40 INFO BlockManagerInfo: Removed broadcast_5_piece0 on 127.0.0.1:50221 in memory (size: 4.6 KB, free: 366.3 MB)
18/04/11 10:34:40 INFO BlockManagerInfo: Removed broadcast_3_piece0 on 127.0.0.1:50221 in memory (size: 8.4 KB, free: 366.3 MB)
18/04/11 10:34:40 INFO BlockManagerInfo: Removed broadcast_4_piece0 on 127.0.0.1:50221 in memory (size: 3.7 KB, free: 366.3 MB)
18/04/11 10:34:40 INFO ContextCleaner: Cleaned accumulator 270
18/04/11 10:34:40 INFO ContextCleaner: Cleaned accumulator 271
18/04/11 10:34:40 INFO ContextCleaner: Cleaned accumulator 64
18/04/11 10:34:40 INFO ContextCleaner: Cleaned accumulator 63
18/04/11 10:34:40 INFO ContextCleaner: Cleaned accumulator 62
18/04/11 10:34:40 INFO ContextCleaner: Cleaned accumulator 61
18/04/11 10:34:40 INFO ContextCleaner: Cleaned accumulator 60
18/04/11 10:34:40 INFO ContextCleaner: Cleaned accumulator 59
18/04/11 10:34:40 INFO ContextCleaner: Cleaned accumulator 58
18/04/11 10:34:40 INFO ContextCleaner: Cleaned accumulator 57
18/04/11 10:34:40 INFO ContextCleaner: Cleaned accumulator 56
18/04/11 10:34:40 INFO ContextCleaner: Cleaned accumulator 55
18/04/11 10:34:40 INFO ContextCleaner: Cleaned accumulator 54
18/04/11 10:34:40 INFO ContextCleaner: Cleaned accumulator 53
18/04/11 10:34:40 WARN SparkSession$Builder: Using an existing SparkSession; some configuration may not take effect.
18/04/11 10:34:40 INFO SparkSqlParser: Parsing command: flights
18/04/11 10:34:40 WARN SparkSession$Builder: Using an existing SparkSession; some configuration may not take effect.
18/04/11 10:34:40 INFO SparkSqlParser: Parsing command: CACHE TABLE `flights`
18/04/11 10:34:40 INFO SparkSqlParser: Parsing command: `flights`
18/04/11 10:34:41 INFO SparkContext: Starting job: sql at NativeMethodAccessorImpl.java:0
18/04/11 10:34:41 INFO DAGScheduler: Registering RDD 42 (sql at NativeMethodAccessorImpl.java:0)
18/04/11 10:34:41 INFO DAGScheduler: Got job 4 (sql at NativeMethodAccessorImpl.java:0) with 1 output partitions
18/04/11 10:34:41 INFO DAGScheduler: Final stage: ResultStage 7 (sql at NativeMethodAccessorImpl.java:0)
18/04/11 10:34:41 INFO DAGScheduler: Parents of final stage: List(ShuffleMapStage 6)
18/04/11 10:34:41 INFO DAGScheduler: Missing parents: List(ShuffleMapStage 6)
18/04/11 10:34:41 INFO DAGScheduler: Submitting ShuffleMapStage 6 (MapPartitionsRDD[42] at sql at NativeMethodAccessorImpl.java:0), which has no missing parents
18/04/11 10:34:41 INFO MemoryStore: Block broadcast_6 stored as values in memory (estimated size 30.7 KB, free 366.3 MB)
18/04/11 10:34:41 INFO MemoryStore: Block broadcast_6_piece0 stored as bytes in memory (estimated size 11.7 KB, free 366.3 MB)
18/04/11 10:34:41 INFO BlockManagerInfo: Added broadcast_6_piece0 in memory on 127.0.0.1:50221 (size: 11.7 KB, free: 366.3 MB)
18/04/11 10:34:41 INFO SparkContext: Created broadcast 6 from broadcast at DAGScheduler.scala:996
18/04/11 10:34:41 INFO DAGScheduler: Submitting 1 missing tasks from ShuffleMapStage 6 (MapPartitionsRDD[42] at sql at NativeMethodAccessorImpl.java:0)
18/04/11 10:34:41 INFO TaskSchedulerImpl: Adding task set 6.0 with 1 tasks
18/04/11 10:34:41 WARN TaskSetManager: Stage 6 contains a task of very large size (27700 KB). The maximum recommended task size is 100 KB.
18/04/11 10:34:41 INFO TaskSetManager: Starting task 0.0 in stage 6.0 (TID 6, localhost, executor driver, partition 0, PROCESS_LOCAL, 28365330 bytes)
18/04/11 10:34:41 INFO Executor: Running task 0.0 in stage 6.0 (TID 6)
18/04/11 10:34:41 INFO ContextCleaner: Cleaned accumulator 322
18/04/11 10:34:42 INFO CodeGenerator: Code generated in 31.22316 ms
18/04/11 10:34:42 INFO CodeGenerator: Code generated in 196.273137 ms
18/04/11 10:34:47 INFO MemoryStore: Block rdd_39_0 stored as values in memory (estimated size 22.5 MB, free 343.8 MB)
18/04/11 10:34:47 INFO BlockManagerInfo: Added rdd_39_0 in memory on 127.0.0.1:50221 (size: 22.5 MB, free: 343.8 MB)
18/04/11 10:34:47 INFO Executor: Finished task 0.0 in stage 6.0 (TID 6). 2820 bytes result sent to driver
18/04/11 10:34:47 INFO TaskSetManager: Finished task 0.0 in stage 6.0 (TID 6) in 6658 ms on localhost (executor driver) (1/1)
18/04/11 10:34:47 INFO TaskSchedulerImpl: Removed TaskSet 6.0, whose tasks have all completed, from pool 
18/04/11 10:34:47 INFO DAGScheduler: ShuffleMapStage 6 (sql at NativeMethodAccessorImpl.java:0) finished in 6.659 s
18/04/11 10:34:47 INFO DAGScheduler: looking for newly runnable stages
18/04/11 10:34:47 INFO DAGScheduler: running: Set()
18/04/11 10:34:47 INFO DAGScheduler: waiting: Set(ResultStage 7)
18/04/11 10:34:47 INFO DAGScheduler: failed: Set()
18/04/11 10:34:47 INFO DAGScheduler: Submitting ResultStage 7 (MapPartitionsRDD[45] at sql at NativeMethodAccessorImpl.java:0), which has no missing parents
18/04/11 10:34:47 INFO MemoryStore: Block broadcast_7 stored as values in memory (estimated size 7.0 KB, free 343.8 MB)
18/04/11 10:34:47 INFO MemoryStore: Block broadcast_7_piece0 stored as bytes in memory (estimated size 3.7 KB, free 343.7 MB)
18/04/11 10:34:47 INFO BlockManagerInfo: Added broadcast_7_piece0 in memory on 127.0.0.1:50221 (size: 3.7 KB, free: 343.8 MB)
18/04/11 10:34:47 INFO SparkContext: Created broadcast 7 from broadcast at DAGScheduler.scala:996
18/04/11 10:34:47 INFO DAGScheduler: Submitting 1 missing tasks from ResultStage 7 (MapPartitionsRDD[45] at sql at NativeMethodAccessorImpl.java:0)
18/04/11 10:34:47 INFO TaskSchedulerImpl: Adding task set 7.0 with 1 tasks
18/04/11 10:34:47 INFO TaskSetManager: Starting task 0.0 in stage 7.0 (TID 7, localhost, executor driver, partition 0, ANY, 5953 bytes)
18/04/11 10:34:47 INFO Executor: Running task 0.0 in stage 7.0 (TID 7)
18/04/11 10:34:47 INFO ShuffleBlockFetcherIterator: Getting 1 non-empty blocks out of 1 blocks
18/04/11 10:34:47 INFO ShuffleBlockFetcherIterator: Started 0 remote fetches in 0 ms
18/04/11 10:34:47 INFO Executor: Finished task 0.0 in stage 7.0 (TID 7). 2042 bytes result sent to driver
18/04/11 10:34:47 INFO TaskSetManager: Finished task 0.0 in stage 7.0 (TID 7) in 8 ms on localhost (executor driver) (1/1)
18/04/11 10:34:47 INFO TaskSchedulerImpl: Removed TaskSet 7.0, whose tasks have all completed, from pool 
18/04/11 10:34:47 INFO DAGScheduler: ResultStage 7 (sql at NativeMethodAccessorImpl.java:0) finished in 0.010 s
18/04/11 10:34:47 INFO DAGScheduler: Job 4 finished: sql at NativeMethodAccessorImpl.java:0, took 6.697451 s
18/04/11 10:34:47 WARN SparkSession$Builder: Using an existing SparkSession; some configuration may not take effect.
18/04/11 10:34:47 INFO SparkSqlParser: Parsing command: SELECT count(*) FROM  `flights`
18/04/11 10:34:47 INFO SparkContext: Starting job: collect at utils.scala:196
18/04/11 10:34:47 INFO DAGScheduler: Registering RDD 49 (collect at utils.scala:196)
18/04/11 10:34:47 INFO DAGScheduler: Got job 5 (collect at utils.scala:196) with 1 output partitions
18/04/11 10:34:47 INFO DAGScheduler: Final stage: ResultStage 9 (collect at utils.scala:196)
18/04/11 10:34:47 INFO DAGScheduler: Parents of final stage: List(ShuffleMapStage 8)
18/04/11 10:34:47 INFO DAGScheduler: Missing parents: List(ShuffleMapStage 8)
18/04/11 10:34:47 INFO DAGScheduler: Submitting ShuffleMapStage 8 (MapPartitionsRDD[49] at collect at utils.scala:196), which has no missing parents
18/04/11 10:34:47 INFO MemoryStore: Block broadcast_8 stored as values in memory (estimated size 30.7 KB, free 343.7 MB)
18/04/11 10:34:47 INFO MemoryStore: Block broadcast_8_piece0 stored as bytes in memory (estimated size 11.8 KB, free 343.7 MB)
18/04/11 10:34:47 INFO BlockManagerInfo: Added broadcast_8_piece0 in memory on 127.0.0.1:50221 (size: 11.8 KB, free: 343.8 MB)
18/04/11 10:34:47 INFO SparkContext: Created broadcast 8 from broadcast at DAGScheduler.scala:996
18/04/11 10:34:47 INFO DAGScheduler: Submitting 1 missing tasks from ShuffleMapStage 8 (MapPartitionsRDD[49] at collect at utils.scala:196)
18/04/11 10:34:47 INFO TaskSchedulerImpl: Adding task set 8.0 with 1 tasks
18/04/11 10:34:48 WARN TaskSetManager: Stage 8 contains a task of very large size (27700 KB). The maximum recommended task size is 100 KB.
18/04/11 10:34:48 INFO TaskSetManager: Starting task 0.0 in stage 8.0 (TID 8, localhost, executor driver, partition 0, PROCESS_LOCAL, 28365323 bytes)
18/04/11 10:34:48 INFO Executor: Running task 0.0 in stage 8.0 (TID 8)
18/04/11 10:34:48 INFO ContextCleaner: Cleaned accumulator 325
18/04/11 10:34:48 INFO BlockManagerInfo: Removed broadcast_7_piece0 on 127.0.0.1:50221 in memory (size: 3.7 KB, free: 343.8 MB)
18/04/11 10:34:48 INFO ContextCleaner: Cleaned accumulator 431
18/04/11 10:34:48 INFO BlockManagerInfo: Removed broadcast_6_piece0 on 127.0.0.1:50221 in memory (size: 11.7 KB, free: 343.8 MB)
18/04/11 10:34:48 INFO ContextCleaner: Cleaned shuffle 2
18/04/11 10:34:48 INFO ContextCleaner: Cleaned accumulator 334
18/04/11 10:34:48 INFO ContextCleaner: Cleaned accumulator 333
18/04/11 10:34:48 INFO ContextCleaner: Cleaned accumulator 332
18/04/11 10:34:48 INFO ContextCleaner: Cleaned accumulator 331
18/04/11 10:34:48 INFO ContextCleaner: Cleaned accumulator 330
18/04/11 10:34:48 INFO ContextCleaner: Cleaned accumulator 329
18/04/11 10:34:48 INFO ContextCleaner: Cleaned accumulator 328
18/04/11 10:34:48 INFO ContextCleaner: Cleaned accumulator 327
18/04/11 10:34:48 INFO ContextCleaner: Cleaned accumulator 326
18/04/11 10:34:48 INFO ContextCleaner: Cleaned accumulator 324
18/04/11 10:34:48 INFO ContextCleaner: Cleaned accumulator 323
18/04/11 10:34:48 INFO BlockManager: Found block rdd_39_0 locally
18/04/11 10:34:48 INFO Executor: Finished task 0.0 in stage 8.0 (TID 8). 2171 bytes result sent to driver
18/04/11 10:34:48 INFO TaskSetManager: Finished task 0.0 in stage 8.0 (TID 8) in 950 ms on localhost (executor driver) (1/1)
18/04/11 10:34:48 INFO TaskSchedulerImpl: Removed TaskSet 8.0, whose tasks have all completed, from pool 
18/04/11 10:34:48 INFO DAGScheduler: ShuffleMapStage 8 (collect at utils.scala:196) finished in 0.952 s
18/04/11 10:34:48 INFO DAGScheduler: looking for newly runnable stages
18/04/11 10:34:48 INFO DAGScheduler: running: Set()
18/04/11 10:34:48 INFO DAGScheduler: waiting: Set(ResultStage 9)
18/04/11 10:34:48 INFO DAGScheduler: failed: Set()
18/04/11 10:34:48 INFO DAGScheduler: Submitting ResultStage 9 (MapPartitionsRDD[52] at collect at utils.scala:196), which has no missing parents
18/04/11 10:34:48 INFO MemoryStore: Block broadcast_9 stored as values in memory (estimated size 7.0 KB, free 343.8 MB)
18/04/11 10:34:48 INFO MemoryStore: Block broadcast_9_piece0 stored as bytes in memory (estimated size 3.7 KB, free 343.7 MB)
18/04/11 10:34:48 INFO BlockManagerInfo: Added broadcast_9_piece0 in memory on 127.0.0.1:50221 (size: 3.7 KB, free: 343.8 MB)
18/04/11 10:34:48 INFO SparkContext: Created broadcast 9 from broadcast at DAGScheduler.scala:996
18/04/11 10:34:48 INFO DAGScheduler: Submitting 1 missing tasks from ResultStage 9 (MapPartitionsRDD[52] at collect at utils.scala:196)
18/04/11 10:34:48 INFO TaskSchedulerImpl: Adding task set 9.0 with 1 tasks
18/04/11 10:34:48 INFO TaskSetManager: Starting task 0.0 in stage 9.0 (TID 9, localhost, executor driver, partition 0, ANY, 5946 bytes)
18/04/11 10:34:48 INFO Executor: Running task 0.0 in stage 9.0 (TID 9)
18/04/11 10:34:48 INFO ShuffleBlockFetcherIterator: Getting 1 non-empty blocks out of 1 blocks
18/04/11 10:34:48 INFO ShuffleBlockFetcherIterator: Started 0 remote fetches in 0 ms
18/04/11 10:34:48 INFO Executor: Finished task 0.0 in stage 9.0 (TID 9). 2042 bytes result sent to driver
18/04/11 10:34:48 INFO TaskSetManager: Finished task 0.0 in stage 9.0 (TID 9) in 11 ms on localhost (executor driver) (1/1)
18/04/11 10:34:48 INFO TaskSchedulerImpl: Removed TaskSet 9.0, whose tasks have all completed, from pool 
18/04/11 10:34:48 INFO DAGScheduler: ResultStage 9 (collect at utils.scala:196) finished in 0.011 s
18/04/11 10:34:48 INFO DAGScheduler: Job 5 finished: collect at utils.scala:196, took 1.007640 s
18/04/11 10:34:49 WARN SparkSession$Builder: Using an existing SparkSession; some configuration may not take effect.
18/04/11 10:34:49 INFO SparkSqlParser: Parsing command: SELECT *
FROM `flights` AS `zzz2`
WHERE (0 = 1)
18/04/11 10:34:49 WARN SparkSession$Builder: Using an existing SparkSession; some configuration may not take effect.
18/04/11 10:34:49 INFO SparkSqlParser: Parsing command: SHOW TABLES
18/04/11 10:34:49 INFO HiveMetaStore: 0: get_database: default
18/04/11 10:34:49 INFO audit: ugi=caitlynralph	ip=unknown-ip-addr	cmd=get_database: default	
18/04/11 10:34:49 INFO HiveMetaStore: 0: get_database: default
18/04/11 10:34:49 INFO audit: ugi=caitlynralph	ip=unknown-ip-addr	cmd=get_database: default	
18/04/11 10:34:49 INFO HiveMetaStore: 0: get_tables: db=default pat=*
18/04/11 10:34:49 INFO audit: ugi=caitlynralph	ip=unknown-ip-addr	cmd=get_tables: db=default pat=*	
18/04/11 10:35:07 WARN SparkSession$Builder: Using an existing SparkSession; some configuration may not take effect.
18/04/11 10:35:07 INFO SparkSqlParser: Parsing command: SHOW TABLES
18/04/11 10:35:07 INFO HiveMetaStore: 0: get_database: default
18/04/11 10:35:07 INFO audit: ugi=caitlynralph	ip=unknown-ip-addr	cmd=get_database: default	
18/04/11 10:35:07 INFO HiveMetaStore: 0: get_database: default
18/04/11 10:35:07 INFO audit: ugi=caitlynralph	ip=unknown-ip-addr	cmd=get_database: default	
18/04/11 10:35:07 INFO HiveMetaStore: 0: get_tables: db=default pat=*
18/04/11 10:35:07 INFO audit: ugi=caitlynralph	ip=unknown-ip-addr	cmd=get_tables: db=default pat=*	
18/04/11 10:35:07 INFO SparkContext: Starting job: collect at utils.scala:43
18/04/11 10:35:07 INFO DAGScheduler: Got job 6 (collect at utils.scala:43) with 1 output partitions
18/04/11 10:35:07 INFO DAGScheduler: Final stage: ResultStage 10 (collect at utils.scala:43)
18/04/11 10:35:07 INFO DAGScheduler: Parents of final stage: List()
18/04/11 10:35:07 INFO DAGScheduler: Missing parents: List()
18/04/11 10:35:07 INFO DAGScheduler: Submitting ResultStage 10 (MapPartitionsRDD[59] at map at utils.scala:40), which has no missing parents
18/04/11 10:35:07 INFO MemoryStore: Block broadcast_10 stored as values in memory (estimated size 8.7 KB, free 343.7 MB)
18/04/11 10:35:07 INFO MemoryStore: Block broadcast_10_piece0 stored as bytes in memory (estimated size 4.6 KB, free 343.7 MB)
18/04/11 10:35:07 INFO BlockManagerInfo: Added broadcast_10_piece0 in memory on 127.0.0.1:50221 (size: 4.6 KB, free: 343.8 MB)
18/04/11 10:35:07 INFO SparkContext: Created broadcast 10 from broadcast at DAGScheduler.scala:996
18/04/11 10:35:07 INFO DAGScheduler: Submitting 1 missing tasks from ResultStage 10 (MapPartitionsRDD[59] at map at utils.scala:40)
18/04/11 10:35:07 INFO TaskSchedulerImpl: Adding task set 10.0 with 1 tasks
18/04/11 10:35:07 INFO TaskSetManager: Starting task 0.0 in stage 10.0 (TID 10, localhost, executor driver, partition 0, PROCESS_LOCAL, 6408 bytes)
18/04/11 10:35:07 INFO Executor: Running task 0.0 in stage 10.0 (TID 10)
18/04/11 10:35:07 INFO Executor: Finished task 0.0 in stage 10.0 (TID 10). 1248 bytes result sent to driver
18/04/11 10:35:07 INFO TaskSetManager: Finished task 0.0 in stage 10.0 (TID 10) in 9 ms on localhost (executor driver) (1/1)
18/04/11 10:35:07 INFO TaskSchedulerImpl: Removed TaskSet 10.0, whose tasks have all completed, from pool 
18/04/11 10:35:07 INFO DAGScheduler: ResultStage 10 (collect at utils.scala:43) finished in 0.011 s
18/04/11 10:35:07 INFO DAGScheduler: Job 6 finished: collect at utils.scala:43, took 0.024245 s
18/04/11 10:35:08 WARN SparkSession$Builder: Using an existing SparkSession; some configuration may not take effect.
18/04/11 10:35:08 INFO SparkSqlParser: Parsing command: batting
18/04/11 10:35:08 WARN SparkSession$Builder: Using an existing SparkSession; some configuration may not take effect.
18/04/11 10:35:08 INFO SparkSqlParser: Parsing command: CACHE TABLE `batting`
18/04/11 10:35:08 INFO SparkSqlParser: Parsing command: `batting`
18/04/11 10:35:08 INFO SparkContext: Starting job: sql at NativeMethodAccessorImpl.java:0
18/04/11 10:35:08 INFO DAGScheduler: Registering RDD 68 (sql at NativeMethodAccessorImpl.java:0)
18/04/11 10:35:08 INFO DAGScheduler: Got job 7 (sql at NativeMethodAccessorImpl.java:0) with 1 output partitions
18/04/11 10:35:08 INFO DAGScheduler: Final stage: ResultStage 12 (sql at NativeMethodAccessorImpl.java:0)
18/04/11 10:35:08 INFO DAGScheduler: Parents of final stage: List(ShuffleMapStage 11)
18/04/11 10:35:08 INFO DAGScheduler: Missing parents: List(ShuffleMapStage 11)
18/04/11 10:35:08 INFO DAGScheduler: Submitting ShuffleMapStage 11 (MapPartitionsRDD[68] at sql at NativeMethodAccessorImpl.java:0), which has no missing parents
18/04/11 10:35:08 INFO MemoryStore: Block broadcast_11 stored as values in memory (estimated size 31.9 KB, free 343.7 MB)
18/04/11 10:35:08 INFO MemoryStore: Block broadcast_11_piece0 stored as bytes in memory (estimated size 11.7 KB, free 343.7 MB)
18/04/11 10:35:08 INFO BlockManagerInfo: Added broadcast_11_piece0 in memory on 127.0.0.1:50221 (size: 11.7 KB, free: 343.8 MB)
18/04/11 10:35:08 INFO SparkContext: Created broadcast 11 from broadcast at DAGScheduler.scala:996
18/04/11 10:35:08 INFO DAGScheduler: Submitting 1 missing tasks from ShuffleMapStage 11 (MapPartitionsRDD[68] at sql at NativeMethodAccessorImpl.java:0)
18/04/11 10:35:08 INFO TaskSchedulerImpl: Adding task set 11.0 with 1 tasks
18/04/11 10:35:08 INFO BlockManagerInfo: Removed broadcast_10_piece0 on 127.0.0.1:50221 in memory (size: 4.6 KB, free: 343.8 MB)
18/04/11 10:35:08 INFO ContextCleaner: Cleaned accumulator 592
18/04/11 10:35:08 INFO BlockManagerInfo: Removed broadcast_9_piece0 on 127.0.0.1:50221 in memory (size: 3.7 KB, free: 343.8 MB)
18/04/11 10:35:08 INFO ContextCleaner: Cleaned accumulator 540
18/04/11 10:35:08 INFO ContextCleaner: Cleaned accumulator 541
18/04/11 10:35:08 WARN TaskSetManager: Stage 11 contains a task of very large size (6654 KB). The maximum recommended task size is 100 KB.
18/04/11 10:35:08 INFO TaskSetManager: Starting task 0.0 in stage 11.0 (TID 11, localhost, executor driver, partition 0, PROCESS_LOCAL, 6814099 bytes)
18/04/11 10:35:08 INFO Executor: Running task 0.0 in stage 11.0 (TID 11)
18/04/11 10:35:09 INFO CodeGenerator: Code generated in 26.78817 ms
18/04/11 10:35:09 INFO CodeGenerator: Code generated in 119.132889 ms
18/04/11 10:35:11 INFO MemoryStore: Block rdd_65_0 stored as values in memory (estimated size 3.3 MB, free 340.4 MB)
18/04/11 10:35:11 INFO BlockManagerInfo: Added rdd_65_0 in memory on 127.0.0.1:50221 (size: 3.3 MB, free: 340.5 MB)
18/04/11 10:35:11 INFO Executor: Finished task 0.0 in stage 11.0 (TID 11). 2733 bytes result sent to driver
18/04/11 10:35:11 INFO TaskSetManager: Finished task 0.0 in stage 11.0 (TID 11) in 2425 ms on localhost (executor driver) (1/1)
18/04/11 10:35:11 INFO TaskSchedulerImpl: Removed TaskSet 11.0, whose tasks have all completed, from pool 
18/04/11 10:35:11 INFO DAGScheduler: ShuffleMapStage 11 (sql at NativeMethodAccessorImpl.java:0) finished in 2.426 s
18/04/11 10:35:11 INFO DAGScheduler: looking for newly runnable stages
18/04/11 10:35:11 INFO DAGScheduler: running: Set()
18/04/11 10:35:11 INFO DAGScheduler: waiting: Set(ResultStage 12)
18/04/11 10:35:11 INFO DAGScheduler: failed: Set()
18/04/11 10:35:11 INFO DAGScheduler: Submitting ResultStage 12 (MapPartitionsRDD[71] at sql at NativeMethodAccessorImpl.java:0), which has no missing parents
18/04/11 10:35:11 INFO MemoryStore: Block broadcast_12 stored as values in memory (estimated size 7.0 KB, free 340.4 MB)
18/04/11 10:35:11 INFO MemoryStore: Block broadcast_12_piece0 stored as bytes in memory (estimated size 3.7 KB, free 340.4 MB)
18/04/11 10:35:11 INFO BlockManagerInfo: Added broadcast_12_piece0 in memory on 127.0.0.1:50221 (size: 3.7 KB, free: 340.4 MB)
18/04/11 10:35:11 INFO SparkContext: Created broadcast 12 from broadcast at DAGScheduler.scala:996
18/04/11 10:35:11 INFO DAGScheduler: Submitting 1 missing tasks from ResultStage 12 (MapPartitionsRDD[71] at sql at NativeMethodAccessorImpl.java:0)
18/04/11 10:35:11 INFO TaskSchedulerImpl: Adding task set 12.0 with 1 tasks
18/04/11 10:35:11 INFO TaskSetManager: Starting task 0.0 in stage 12.0 (TID 12, localhost, executor driver, partition 0, ANY, 5954 bytes)
18/04/11 10:35:11 INFO Executor: Running task 0.0 in stage 12.0 (TID 12)
18/04/11 10:35:11 INFO ShuffleBlockFetcherIterator: Getting 1 non-empty blocks out of 1 blocks
18/04/11 10:35:11 INFO ShuffleBlockFetcherIterator: Started 0 remote fetches in 0 ms
18/04/11 10:35:11 INFO Executor: Finished task 0.0 in stage 12.0 (TID 12). 2129 bytes result sent to driver
18/04/11 10:35:11 INFO TaskSetManager: Finished task 0.0 in stage 12.0 (TID 12) in 11 ms on localhost (executor driver) (1/1)
18/04/11 10:35:11 INFO TaskSchedulerImpl: Removed TaskSet 12.0, whose tasks have all completed, from pool 
18/04/11 10:35:11 INFO DAGScheduler: ResultStage 12 (sql at NativeMethodAccessorImpl.java:0) finished in 0.011 s
18/04/11 10:35:11 INFO DAGScheduler: Job 7 finished: sql at NativeMethodAccessorImpl.java:0, took 2.461125 s
18/04/11 10:35:11 WARN SparkSession$Builder: Using an existing SparkSession; some configuration may not take effect.
18/04/11 10:35:11 INFO SparkSqlParser: Parsing command: SELECT count(*) FROM  `batting`
18/04/11 10:35:11 INFO SparkContext: Starting job: collect at utils.scala:196
18/04/11 10:35:11 INFO DAGScheduler: Registering RDD 75 (collect at utils.scala:196)
18/04/11 10:35:11 INFO DAGScheduler: Got job 8 (collect at utils.scala:196) with 1 output partitions
18/04/11 10:35:11 INFO DAGScheduler: Final stage: ResultStage 14 (collect at utils.scala:196)
18/04/11 10:35:11 INFO DAGScheduler: Parents of final stage: List(ShuffleMapStage 13)
18/04/11 10:35:11 INFO DAGScheduler: Missing parents: List(ShuffleMapStage 13)
18/04/11 10:35:11 INFO DAGScheduler: Submitting ShuffleMapStage 13 (MapPartitionsRDD[75] at collect at utils.scala:196), which has no missing parents
18/04/11 10:35:11 INFO MemoryStore: Block broadcast_13 stored as values in memory (estimated size 31.9 KB, free 340.4 MB)
18/04/11 10:35:11 INFO MemoryStore: Block broadcast_13_piece0 stored as bytes in memory (estimated size 11.7 KB, free 340.3 MB)
18/04/11 10:35:11 INFO BlockManagerInfo: Added broadcast_13_piece0 in memory on 127.0.0.1:50221 (size: 11.7 KB, free: 340.4 MB)
18/04/11 10:35:11 INFO SparkContext: Created broadcast 13 from broadcast at DAGScheduler.scala:996
18/04/11 10:35:11 INFO DAGScheduler: Submitting 1 missing tasks from ShuffleMapStage 13 (MapPartitionsRDD[75] at collect at utils.scala:196)
18/04/11 10:35:11 INFO TaskSchedulerImpl: Adding task set 13.0 with 1 tasks
18/04/11 10:35:11 INFO BlockManagerInfo: Removed broadcast_12_piece0 on 127.0.0.1:50221 in memory (size: 3.7 KB, free: 340.4 MB)
18/04/11 10:35:11 INFO ContextCleaner: Cleaned accumulator 701
18/04/11 10:35:11 WARN TaskSetManager: Stage 13 contains a task of very large size (6654 KB). The maximum recommended task size is 100 KB.
18/04/11 10:35:11 INFO TaskSetManager: Starting task 0.0 in stage 13.0 (TID 13, localhost, executor driver, partition 0, PROCESS_LOCAL, 6814091 bytes)
18/04/11 10:35:11 INFO Executor: Running task 0.0 in stage 13.0 (TID 13)
18/04/11 10:35:11 INFO BlockManager: Found block rdd_65_0 locally
18/04/11 10:35:11 INFO Executor: Finished task 0.0 in stage 13.0 (TID 13). 2098 bytes result sent to driver
18/04/11 10:35:11 INFO TaskSetManager: Finished task 0.0 in stage 13.0 (TID 13) in 225 ms on localhost (executor driver) (1/1)
18/04/11 10:35:11 INFO TaskSchedulerImpl: Removed TaskSet 13.0, whose tasks have all completed, from pool 
18/04/11 10:35:11 INFO DAGScheduler: ShuffleMapStage 13 (collect at utils.scala:196) finished in 0.226 s
18/04/11 10:35:11 INFO DAGScheduler: looking for newly runnable stages
18/04/11 10:35:11 INFO DAGScheduler: running: Set()
18/04/11 10:35:11 INFO DAGScheduler: waiting: Set(ResultStage 14)
18/04/11 10:35:11 INFO DAGScheduler: failed: Set()
18/04/11 10:35:11 INFO DAGScheduler: Submitting ResultStage 14 (MapPartitionsRDD[78] at collect at utils.scala:196), which has no missing parents
18/04/11 10:35:11 INFO MemoryStore: Block broadcast_14 stored as values in memory (estimated size 7.0 KB, free 340.3 MB)
18/04/11 10:35:11 INFO MemoryStore: Block broadcast_14_piece0 stored as bytes in memory (estimated size 3.7 KB, free 340.3 MB)
18/04/11 10:35:11 INFO BlockManagerInfo: Added broadcast_14_piece0 in memory on 127.0.0.1:50221 (size: 3.7 KB, free: 340.4 MB)
18/04/11 10:35:11 INFO SparkContext: Created broadcast 14 from broadcast at DAGScheduler.scala:996
18/04/11 10:35:11 INFO DAGScheduler: Submitting 1 missing tasks from ResultStage 14 (MapPartitionsRDD[78] at collect at utils.scala:196)
18/04/11 10:35:11 INFO TaskSchedulerImpl: Adding task set 14.0 with 1 tasks
18/04/11 10:35:11 INFO TaskSetManager: Starting task 0.0 in stage 14.0 (TID 14, localhost, executor driver, partition 0, ANY, 5946 bytes)
18/04/11 10:35:11 INFO Executor: Running task 0.0 in stage 14.0 (TID 14)
18/04/11 10:35:11 INFO ShuffleBlockFetcherIterator: Getting 1 non-empty blocks out of 1 blocks
18/04/11 10:35:11 INFO ShuffleBlockFetcherIterator: Started 0 remote fetches in 0 ms
18/04/11 10:35:11 INFO Executor: Finished task 0.0 in stage 14.0 (TID 14). 2042 bytes result sent to driver
18/04/11 10:35:11 INFO TaskSetManager: Finished task 0.0 in stage 14.0 (TID 14) in 6 ms on localhost (executor driver) (1/1)
18/04/11 10:35:11 INFO TaskSchedulerImpl: Removed TaskSet 14.0, whose tasks have all completed, from pool 
18/04/11 10:35:11 INFO DAGScheduler: ResultStage 14 (collect at utils.scala:196) finished in 0.006 s
18/04/11 10:35:11 INFO DAGScheduler: Job 8 finished: collect at utils.scala:196, took 0.250154 s
18/04/11 10:35:11 WARN SparkSession$Builder: Using an existing SparkSession; some configuration may not take effect.
18/04/11 10:35:11 INFO SparkSqlParser: Parsing command: SELECT *
FROM `batting` AS `zzz3`
WHERE (0 = 1)
18/04/11 10:35:11 WARN SparkSession$Builder: Using an existing SparkSession; some configuration may not take effect.
18/04/11 10:35:11 INFO SparkSqlParser: Parsing command: SHOW TABLES
18/04/11 10:35:11 INFO HiveMetaStore: 0: get_database: default
18/04/11 10:35:11 INFO audit: ugi=caitlynralph	ip=unknown-ip-addr	cmd=get_database: default	
18/04/11 10:35:11 INFO HiveMetaStore: 0: get_database: default
18/04/11 10:35:11 INFO audit: ugi=caitlynralph	ip=unknown-ip-addr	cmd=get_database: default	
18/04/11 10:35:11 INFO HiveMetaStore: 0: get_tables: db=default pat=*
18/04/11 10:35:11 INFO audit: ugi=caitlynralph	ip=unknown-ip-addr	cmd=get_tables: db=default pat=*	
18/04/11 10:35:16 WARN SparkSession$Builder: Using an existing SparkSession; some configuration may not take effect.
18/04/11 10:35:16 INFO SparkSqlParser: Parsing command: SHOW TABLES
18/04/11 10:35:16 INFO HiveMetaStore: 0: get_database: default
18/04/11 10:35:16 INFO audit: ugi=caitlynralph	ip=unknown-ip-addr	cmd=get_database: default	
18/04/11 10:35:16 INFO HiveMetaStore: 0: get_database: default
18/04/11 10:35:16 INFO audit: ugi=caitlynralph	ip=unknown-ip-addr	cmd=get_database: default	
18/04/11 10:35:16 INFO HiveMetaStore: 0: get_tables: db=default pat=*
18/04/11 10:35:16 INFO audit: ugi=caitlynralph	ip=unknown-ip-addr	cmd=get_tables: db=default pat=*	
18/04/11 10:35:16 INFO SparkContext: Starting job: collect at utils.scala:43
18/04/11 10:35:16 INFO DAGScheduler: Got job 9 (collect at utils.scala:43) with 1 output partitions
18/04/11 10:35:16 INFO DAGScheduler: Final stage: ResultStage 15 (collect at utils.scala:43)
18/04/11 10:35:16 INFO DAGScheduler: Parents of final stage: List()
18/04/11 10:35:16 INFO DAGScheduler: Missing parents: List()
18/04/11 10:35:16 INFO DAGScheduler: Submitting ResultStage 15 (MapPartitionsRDD[85] at map at utils.scala:40), which has no missing parents
18/04/11 10:35:16 INFO MemoryStore: Block broadcast_15 stored as values in memory (estimated size 8.7 KB, free 340.3 MB)
18/04/11 10:35:16 INFO MemoryStore: Block broadcast_15_piece0 stored as bytes in memory (estimated size 4.6 KB, free 340.3 MB)
18/04/11 10:35:16 INFO BlockManagerInfo: Added broadcast_15_piece0 in memory on 127.0.0.1:50221 (size: 4.6 KB, free: 340.4 MB)
18/04/11 10:35:16 INFO SparkContext: Created broadcast 15 from broadcast at DAGScheduler.scala:996
18/04/11 10:35:16 INFO DAGScheduler: Submitting 1 missing tasks from ResultStage 15 (MapPartitionsRDD[85] at map at utils.scala:40)
18/04/11 10:35:16 INFO TaskSchedulerImpl: Adding task set 15.0 with 1 tasks
18/04/11 10:35:16 INFO TaskSetManager: Starting task 0.0 in stage 15.0 (TID 15, localhost, executor driver, partition 0, PROCESS_LOCAL, 6462 bytes)
18/04/11 10:35:16 INFO Executor: Running task 0.0 in stage 15.0 (TID 15)
18/04/11 10:35:16 INFO Executor: Finished task 0.0 in stage 15.0 (TID 15). 1258 bytes result sent to driver
18/04/11 10:35:16 INFO TaskSetManager: Finished task 0.0 in stage 15.0 (TID 15) in 8 ms on localhost (executor driver) (1/1)
18/04/11 10:35:16 INFO TaskSchedulerImpl: Removed TaskSet 15.0, whose tasks have all completed, from pool 
18/04/11 10:35:16 INFO DAGScheduler: ResultStage 15 (collect at utils.scala:43) finished in 0.009 s
18/04/11 10:35:16 INFO DAGScheduler: Job 9 finished: collect at utils.scala:43, took 0.020939 s
18/04/11 10:35:41 WARN SparkSession$Builder: Using an existing SparkSession; some configuration may not take effect.
18/04/11 10:35:41 INFO SparkSqlParser: Parsing command: SELECT *
FROM `flights`
WHERE (`dep_delay` = 2.0)
18/04/11 10:35:41 WARN SparkSession$Builder: Using an existing SparkSession; some configuration may not take effect.
18/04/11 10:35:41 INFO SparkSqlParser: Parsing command: SELECT *
FROM `flights`
WHERE (`dep_delay` = 2.0)
LIMIT 10
18/04/11 10:35:41 INFO InMemoryTableScanExec: Predicate isnotnull(dep_delay#208) generates partition filter: ((dep_delay.count#1258 - dep_delay.nullCount#1257) > 0)
18/04/11 10:35:41 INFO InMemoryTableScanExec: Predicate (dep_delay#208 = 2.0) generates partition filter: ((dep_delay.lowerBound#1256 <= 2.0) && (2.0 <= dep_delay.upperBound#1255))
18/04/11 10:35:42 INFO CodeGenerator: Code generated in 24.342335 ms
18/04/11 10:35:42 INFO BlockManagerInfo: Removed broadcast_13_piece0 on 127.0.0.1:50221 in memory (size: 11.7 KB, free: 340.4 MB)
18/04/11 10:35:42 INFO BlockManagerInfo: Removed broadcast_14_piece0 on 127.0.0.1:50221 in memory (size: 3.7 KB, free: 340.4 MB)
18/04/11 10:35:42 INFO ContextCleaner: Cleaned accumulator 810
18/04/11 10:35:42 INFO ContextCleaner: Cleaned accumulator 811
18/04/11 10:35:42 INFO BlockManagerInfo: Removed broadcast_15_piece0 on 127.0.0.1:50221 in memory (size: 4.6 KB, free: 340.5 MB)
18/04/11 10:35:42 INFO SparkContext: Starting job: collect at utils.scala:196
18/04/11 10:35:42 INFO DAGScheduler: Got job 10 (collect at utils.scala:196) with 1 output partitions
18/04/11 10:35:42 INFO DAGScheduler: Final stage: ResultStage 16 (collect at utils.scala:196)
18/04/11 10:35:42 INFO DAGScheduler: Parents of final stage: List()
18/04/11 10:35:42 INFO DAGScheduler: Missing parents: List()
18/04/11 10:35:42 INFO DAGScheduler: Submitting ResultStage 16 (MapPartitionsRDD[88] at collect at utils.scala:196), which has no missing parents
18/04/11 10:35:42 INFO MemoryStore: Block broadcast_16 stored as values in memory (estimated size 34.7 KB, free 340.4 MB)
18/04/11 10:35:42 INFO MemoryStore: Block broadcast_16_piece0 stored as bytes in memory (estimated size 12.6 KB, free 340.3 MB)
18/04/11 10:35:42 INFO BlockManagerInfo: Added broadcast_16_piece0 in memory on 127.0.0.1:50221 (size: 12.6 KB, free: 340.4 MB)
18/04/11 10:35:42 INFO SparkContext: Created broadcast 16 from broadcast at DAGScheduler.scala:996
18/04/11 10:35:42 INFO DAGScheduler: Submitting 1 missing tasks from ResultStage 16 (MapPartitionsRDD[88] at collect at utils.scala:196)
18/04/11 10:35:42 INFO TaskSchedulerImpl: Adding task set 16.0 with 1 tasks
18/04/11 10:35:42 WARN TaskSetManager: Stage 16 contains a task of very large size (27700 KB). The maximum recommended task size is 100 KB.
18/04/11 10:35:42 INFO TaskSetManager: Starting task 0.0 in stage 16.0 (TID 16, localhost, executor driver, partition 0, PROCESS_LOCAL, 28365249 bytes)
18/04/11 10:35:42 INFO Executor: Running task 0.0 in stage 16.0 (TID 16)
18/04/11 10:35:43 INFO BlockManager: Found block rdd_39_0 locally
18/04/11 10:35:43 INFO CodeGenerator: Code generated in 15.797674 ms
18/04/11 10:35:43 INFO CodeGenerator: Code generated in 31.959323 ms
18/04/11 10:35:43 WARN Executor: 1 block locks were not released by TID = 16:
[rdd_39_0]
18/04/11 10:35:43 INFO Executor: Finished task 0.0 in stage 16.0 (TID 16). 2495 bytes result sent to driver
18/04/11 10:35:43 INFO TaskSetManager: Finished task 0.0 in stage 16.0 (TID 16) in 1408 ms on localhost (executor driver) (1/1)
18/04/11 10:35:43 INFO TaskSchedulerImpl: Removed TaskSet 16.0, whose tasks have all completed, from pool 
18/04/11 10:35:43 INFO DAGScheduler: ResultStage 16 (collect at utils.scala:196) finished in 1.408 s
18/04/11 10:35:43 INFO DAGScheduler: Job 10 finished: collect at utils.scala:196, took 1.433034 s
18/04/11 10:35:43 INFO CodeGenerator: Code generated in 24.514755 ms
